<?xml version="1.0" encoding="UTF-8"?>
<testsuite xmlns:xsi="http://www.w3.org/2001/XMLSchema-instance" xsi:noNamespaceSchemaLocation="https://maven.apache.org/surefire/maven-surefire-plugin/xsd/surefire-test-report.xsd" version="3.0.2" name="com.chatbi.exporter.chart.ChartRowResolverTest" time="0.005" tests="3" errors="0" skipped="0" failures="0">
  <properties>
[...]
</properties>
  <testcase name="preferSampleRows" classname="com.chatbi.exporter.chart.ChartRowResolverTest" time="0.001"/>
  <testcase name="resolveFromStaticDataSource" classname="com.chatbi.exporter.chart.ChartRowResolverTest" time="0.0"/>
  <testcase name="resolveFromQueryResult" classname="com.chatbi.exporter.chart.ChartRowResolverTest" time="0.0"/>
</testsuite>